<?xml version="1.0" encoding="UTF-8"?>
<!-- Generated by org.testng.reporters.JUnitXMLReporter -->
<testsuite hostname="LAPTOP-HK26NAV8" ignored="0" name="Test-runner-2" tests="5" failures="1" timestamp="2023-01-12T17:42:09 IST" time="12.841" errors="0">
  <testcase name="excuteConfig" time="0.938" classname="Admin_Module.create_classroomPOMTest_1">
    <skipped/>
  </testcase> <!-- excuteConfig -->
  <testcase name="excuteConfig" time="0.254" classname="Admin_Module.create_classroomPOMTest_1">
    <skipped/>
  </testcase> <!-- excuteConfig -->
  <testcase name="excuteConfig" time="0.27" classname="Admin_Module.create_classroomPOMTest_1">
    <skipped/>
  </testcase> <!-- excuteConfig -->
  <testcase name="excuteConfig" time="0.274" classname="Admin_Module.create_classroomPOMTest_1">
    <failure type="java.lang.AssertionError" message="null">
      <![CDATA[java.lang.AssertionError: null
at Admin_Module.create_classroomPOMTest_1.excuteConfig(create_classroomPOMTest_1.java:28)
at java.util.ArrayList.forEach(Unknown Source)
at java.util.concurrent.FutureTask.run(Unknown Source)
at java.util.concurrent.ThreadPoolExecutor.runWorker(Unknown Source)
at java.util.concurrent.ThreadPoolExecutor$Worker.run(Unknown Source)
at java.lang.Thread.run(Unknown Source)
... Removed 20 stack frames]]>
    </failure>
  </testcase> <!-- excuteConfig -->
  <testcase name="sample1" time="0.003" classname="Admin_Module.create_classroomPOMTest_1"/>
</testsuite> <!-- Test-runner-2 -->
